# JRE version: Java(TM) SE Runtime Environment (8.0_144-b01) (build 1.8.0_144-b01)
# Java VM: Java HotSpot(TM) 64-Bit Server VM (25.144-b01 mixed mode windows-amd64 compressed oops)
Heap:
 PSYoungGen      total 138240K, used 46264K [0x00000000d6200000, 0x00000000e0f00000, 0x0000000100000000)
  eden space 110592K, 31% used [0x00000000d6200000,0x00000000d8419948,0x00000000dce00000)
  from space 27648K, 41% used [0x00000000dce00000,0x00000000dd914840,0x00000000de900000)
  to   space 26112K, 0% used [0x00000000df580000,0x00000000df580000,0x00000000e0f00000)
 ParOldGen       total 164352K, used 52057K [0x0000000082600000, 0x000000008c680000, 0x00000000d6200000)
  object space 164352K, 31% used [0x0000000082600000,0x00000000858d6728,0x000000008c680000)
 Metaspace       used 70215K, capacity 71854K, committed 72192K, reserved 1112064K
  class space    used 8972K, capacity 9392K, committed 9472K, reserved 1048576K
GC Heap History (10 events):
Event: 300.300 GC heap before
{Heap before GC invocations=22 (full 2):
 PSYoungGen      total 124416K, used 124185K [0x00000000d6200000, 0x00000000e1200000, 0x0000000100000000)
  eden space 120832K, 100% used [0x00000000d6200000,0x00000000dd800000,0x00000000dd800000)
  from space 3584K, 93% used [0x00000000ddb80000,0x00000000ddec67b8,0x00000000ddf00000)
  to   space 29696K, 0% used [0x00000000df500000,0x00000000df500000,0x00000000e1200000)
 ParOldGen       total 94208K, used 44353K [0x0000000082600000, 0x0000000088200000, 0x00000000d6200000)
  object space 94208K, 47% used [0x0000000082600000,0x0000000085150748,0x0000000088200000)
 Metaspace       used 51737K, capacity 52814K, committed 53120K, reserved 1095680K
  class space    used 6739K, capacity 7021K, committed 7040K, reserved 1048576K
Event: 300.307 GC heap after
Heap after GC invocations=22 (full 2):
 PSYoungGen      total 142336K, used 3842K [0x00000000d6200000, 0x00000000e0d80000, 0x0000000100000000)
  eden space 117248K, 0% used [0x00000000d6200000,0x00000000d6200000,0x00000000dd480000)
  from space 25088K, 15% used [0x00000000df500000,0x00000000df8c0aa8,0x00000000e0d80000)
  to   space 29184K, 0% used [0x00000000dd480000,0x00000000dd480000,0x00000000df100000)
 ParOldGen       total 94208K, used 44361K [0x0000000082600000, 0x0000000088200000, 0x00000000d6200000)
  object space 94208K, 47% used [0x0000000082600000,0x0000000085152748,0x0000000088200000)
 Metaspace       used 51737K, capacity 52814K, committed 53120K, reserved 1095680K
  class space    used 6739K, capacity 7021K, committed 7040K, reserved 1048576K
}
Event: 301.391 GC heap before
{Heap before GC invocations=23 (full 2):
 PSYoungGen      total 142336K, used 121090K [0x00000000d6200000, 0x00000000e0d80000, 0x0000000100000000)
  eden space 117248K, 100% used [0x00000000d6200000,0x00000000dd480000,0x00000000dd480000)
  from space 25088K, 15% used [0x00000000df500000,0x00000000df8c0aa8,0x00000000e0d80000)
  to   space 29184K, 0% used [0x00000000dd480000,0x00000000dd480000,0x00000000df100000)
 ParOldGen       total 94208K, used 44361K [0x0000000082600000, 0x0000000088200000, 0x00000000d6200000)
  object space 94208K, 47% used [0x0000000082600000,0x0000000085152748,0x0000000088200000)
 Metaspace       used 54752K, capacity 56110K, committed 56192K, reserved 1097728K
  class space    used 7172K, capacity 7509K, committed 7552K, reserved 1048576K
Event: 301.406 GC heap after
Heap after GC invocations=23 (full 2):
 PSYoungGen      total 124416K, used 10489K [0x00000000d6200000, 0x00000000e0700000, 0x0000000100000000)
  eden space 113664K, 0% used [0x00000000d6200000,0x00000000d6200000,0x00000000dd100000)
  from space 10752K, 97% used [0x00000000dd480000,0x00000000ddebe4d0,0x00000000ddf00000)
  to   space 27648K, 0% used [0x00000000dec00000,0x00000000dec00000,0x00000000e0700000)
 ParOldGen       total 94208K, used 44369K [0x0000000082600000, 0x0000000088200000, 0x00000000d6200000)
  object space 94208K, 47% used [0x0000000082600000,0x0000000085154748,0x0000000088200000)
 Metaspace       used 54752K, capacity 56110K, committed 56192K, reserved 1097728K
  class space    used 7172K, capacity 7509K, committed 7552K, reserved 1048576K
}
Event: 303.398 GC heap before
{Heap before GC invocations=24 (full 2):
 PSYoungGen      total 124416K, used 92775K [0x00000000d6200000, 0x00000000e0700000, 0x0000000100000000)
  eden space 113664K, 72% used [0x00000000d6200000,0x00000000db25b838,0x00000000dd100000)
  from space 10752K, 97% used [0x00000000dd480000,0x00000000ddebe4d0,0x00000000ddf00000)
  to   space 27648K, 0% used [0x00000000dec00000,0x00000000dec00000,0x00000000e0700000)
 ParOldGen       total 94208K, used 44369K [0x0000000082600000, 0x0000000088200000, 0x00000000d6200000)
  object space 94208K, 47% used [0x0000000082600000,0x0000000085154748,0x0000000088200000)
 Metaspace       used 57433K, capacity 58870K, committed 59008K, reserved 1099776K
  class space    used 7565K, capacity 7941K, committed 8064K, reserved 1048576K
Event: 303.419 GC heap after
Heap after GC invocations=24 (full 2):
 PSYoungGen      total 135168K, used 15560K [0x00000000d6200000, 0x00000000e0400000, 0x0000000100000000)
  eden space 110592K, 0% used [0x00000000d6200000,0x00000000d6200000,0x00000000dce00000)
  from space 24576K, 63% used [0x00000000dec00000,0x00000000dfb323b0,0x00000000e0400000)
  to   space 27648K, 0% used [0x00000000dce00000,0x00000000dce00000,0x00000000de900000)
 ParOldGen       total 94208K, used 44377K [0x0000000082600000, 0x0000000088200000, 0x00000000d6200000)
  object space 94208K, 47% used [0x0000000082600000,0x0000000085156748,0x0000000088200000)
 Metaspace       used 57433K, capacity 58870K, committed 59008K, reserved 1099776K
  class space    used 7565K, capacity 7941K, committed 8064K, reserved 1048576K
}
Event: 303.419 GC heap before
{Heap before GC invocations=25 (full 3):
 PSYoungGen      total 135168K, used 15560K [0x00000000d6200000, 0x00000000e0400000, 0x0000000100000000)
  eden space 110592K, 0% used [0x00000000d6200000,0x00000000d6200000,0x00000000dce00000)
  from space 24576K, 63% used [0x00000000dec00000,0x00000000dfb323b0,0x00000000e0400000)
  to   space 27648K, 0% used [0x00000000dce00000,0x00000000dce00000,0x00000000de900000)
 ParOldGen       total 94208K, used 44377K [0x0000000082600000, 0x0000000088200000, 0x00000000d6200000)
  object space 94208K, 47% used [0x0000000082600000,0x0000000085156748,0x0000000088200000)
 Metaspace       used 57433K, capacity 58870K, committed 59008K, reserved 1099776K
  class space    used 7565K, capacity 7941K, committed 8064K, reserved 1048576K
Event: 303.852 GC heap after
Heap after GC invocations=25 (full 3):
 PSYoungGen      total 135168K, used 0K [0x00000000d6200000, 0x00000000e0400000, 0x0000000100000000)
  eden space 110592K, 0% used [0x00000000d6200000,0x00000000d6200000,0x00000000dce00000)
  from space 24576K, 0% used [0x00000000dec00000,0x00000000dec00000,0x00000000e0400000)
  to   space 27648K, 0% used [0x00000000dce00000,0x00000000dce00000,0x00000000de900000)
 ParOldGen       total 164352K, used 52049K [0x0000000082600000, 0x000000008c680000, 0x00000000d6200000)
  object space 164352K, 31% used [0x0000000082600000,0x00000000858d4728,0x000000008c680000)
 Metaspace       used 57393K, capacity 58764K, committed 59008K, reserved 1099776K
  class space    used 7553K, capacity 7927K, committed 8064K, reserved 1048576K
}
Event: 315.427 GC heap before
{Heap before GC invocations=26 (full 3):
 PSYoungGen      total 135168K, used 110592K [0x00000000d6200000, 0x00000000e0400000, 0x0000000100000000)
  eden space 110592K, 100% used [0x00000000d6200000,0x00000000dce00000,0x00000000dce00000)
  from space 24576K, 0% used [0x00000000dec00000,0x00000000dec00000,0x00000000e0400000)
  to   space 27648K, 0% used [0x00000000dce00000,0x00000000dce00000,0x00000000de900000)
 ParOldGen       total 164352K, used 52049K [0x0000000082600000, 0x000000008c680000, 0x00000000d6200000)
  object space 164352K, 31% used [0x0000000082600000,0x00000000858d4728,0x000000008c680000)
 Metaspace       used 66184K, capacity 67790K, committed 67968K, reserved 1107968K
  class space    used 8600K, capacity 8976K, committed 9088K, reserved 1048576K
Event: 315.439 GC heap after
Heap after GC invocations=26 (full 3):
 PSYoungGen      total 138240K, used 11346K [0x00000000d6200000, 0x00000000e0f00000, 0x0000000100000000)
  eden space 110592K, 0% used [0x00000000d6200000,0x00000000d6200000,0x00000000dce00000)
  from space 27648K, 41% used [0x00000000dce00000,0x00000000dd914840,0x00000000de900000)
  to   space 26112K, 0% used [0x00000000df580000,0x00000000df580000,0x00000000e0f00000)
 ParOldGen       total 164352K, used 52057K [0x0000000082600000, 0x000000008c680000, 0x00000000d6200000)
  object space 164352K, 31% used [0x0000000082600000,0x00000000858d6728,0x000000008c680000)
 Metaspace       used 66184K, capacity 67790K, committed 67968K, reserved 1107968K
  class space    used 8600K, capacity 8976K, committed 9088K, reserved 1048576K
}

