# JRE version: Java(TM) SE Runtime Environment (8.0_144-b01) (build 1.8.0_144-b01)
# Java VM: Java HotSpot(TM) 64-Bit Server VM (25.144-b01 mixed mode windows-amd64 compressed oops)
Heap:
 PSYoungGen      total 244224K, used 211980K [0x00000000eab00000, 0x0000000100000000, 0x0000000100000000)
  eden space 139264K, 76% used [0x00000000eab00000,0x00000000f1384550,0x00000000f3300000)
  from space 104960K, 99% used [0x00000000f3300000,0x00000000f997eb28,0x00000000f9980000)
  to   space 104960K, 0% used [0x00000000f9980000,0x00000000f9980000,0x0000000100000000)
 ParOldGen       total 305664K, used 177921K [0x00000000c0000000, 0x00000000d2a80000, 0x00000000eab00000)
  object space 305664K, 58% used [0x00000000c0000000,0x00000000cadc0620,0x00000000d2a80000)
 Metaspace       used 6796K, capacity 7352K, committed 7680K, reserved 1056768K
  class space    used 648K, capacity 688K, committed 768K, reserved 1048576K
GC Heap History (10 events):
Event: 11.225 GC heap before
{Heap before GC invocations=11 (full 1):
 PSYoungGen      total 285184K, used 285170K [0x00000000eab00000, 0x0000000100000000, 0x0000000100000000)
  eden space 221184K, 100% used [0x00000000eab00000,0x00000000f8300000,0x00000000f8300000)
  from space 64000K, 99% used [0x00000000f8300000,0x00000000fc17cae8,0x00000000fc180000)
  to   space 64000K, 0% used [0x00000000fc180000,0x00000000fc180000,0x0000000100000000)
 ParOldGen       total 171520K, used 115760K [0x00000000c0000000, 0x00000000ca780000, 0x00000000eab00000)
  object space 171520K, 67% used [0x00000000c0000000,0x00000000c710c140,0x00000000ca780000)
 Metaspace       used 6699K, capacity 7256K, committed 7424K, reserved 1056768K
  class space    used 641K, capacity 656K, committed 768K, reserved 1048576K
Event: 11.399 GC heap after
Heap after GC invocations=11 (full 1):
 PSYoungGen      total 239104K, used 57496K [0x00000000eab00000, 0x0000000100000000, 0x0000000100000000)
  eden space 175104K, 0% used [0x00000000eab00000,0x00000000eab00000,0x00000000f5600000)
  from space 64000K, 89% used [0x00000000fc180000,0x00000000ff9a63a8,0x0000000100000000)
  to   space 87040K, 0% used [0x00000000f5600000,0x00000000f5600000,0x00000000fab00000)
 ParOldGen       total 171520K, used 158220K [0x00000000c0000000, 0x00000000ca780000, 0x00000000eab00000)
  object space 171520K, 92% used [0x00000000c0000000,0x00000000c9a83060,0x00000000ca780000)
 Metaspace       used 6699K, capacity 7256K, committed 7424K, reserved 1056768K
  class space    used 641K, capacity 656K, committed 768K, reserved 1048576K
}
Event: 11.399 GC heap before
{Heap before GC invocations=12 (full 2):
 PSYoungGen      total 239104K, used 57496K [0x00000000eab00000, 0x0000000100000000, 0x0000000100000000)
  eden space 175104K, 0% used [0x00000000eab00000,0x00000000eab00000,0x00000000f5600000)
  from space 64000K, 89% used [0x00000000fc180000,0x00000000ff9a63a8,0x0000000100000000)
  to   space 87040K, 0% used [0x00000000f5600000,0x00000000f5600000,0x00000000fab00000)
 ParOldGen       total 171520K, used 158220K [0x00000000c0000000, 0x00000000ca780000, 0x00000000eab00000)
  object space 171520K, 92% used [0x00000000c0000000,0x00000000c9a83060,0x00000000ca780000)
 Metaspace       used 6699K, capacity 7256K, committed 7424K, reserved 1056768K
  class space    used 641K, capacity 656K, committed 768K, reserved 1048576K
Event: 12.998 GC heap after
Heap after GC invocations=12 (full 2):
 PSYoungGen      total 239104K, used 36710K [0x00000000eab00000, 0x0000000100000000, 0x0000000100000000)
  eden space 175104K, 0% used [0x00000000eab00000,0x00000000eab00000,0x00000000f5600000)
  from space 64000K, 57% used [0x00000000fc180000,0x00000000fe5598f8,0x0000000100000000)
  to   space 87040K, 0% used [0x00000000f5600000,0x00000000f5600000,0x00000000fab00000)
 ParOldGen       total 305664K, used 171374K [0x00000000c0000000, 0x00000000d2a80000, 0x00000000eab00000)
  object space 305664K, 56% used [0x00000000c0000000,0x00000000ca75bbf8,0x00000000d2a80000)
 Metaspace       used 6699K, capacity 7256K, committed 7424K, reserved 1056768K
  class space    used 641K, capacity 656K, committed 768K, reserved 1048576K
}
Event: 14.197 GC heap before
{Heap before GC invocations=13 (full 2):
 PSYoungGen      total 239104K, used 211814K [0x00000000eab00000, 0x0000000100000000, 0x0000000100000000)
  eden space 175104K, 100% used [0x00000000eab00000,0x00000000f5600000,0x00000000f5600000)
  from space 64000K, 57% used [0x00000000fc180000,0x00000000fe5598f8,0x0000000100000000)
  to   space 87040K, 0% used [0x00000000f5600000,0x00000000f5600000,0x00000000fab00000)
 ParOldGen       total 305664K, used 171374K [0x00000000c0000000, 0x00000000d2a80000, 0x00000000eab00000)
  object space 305664K, 56% used [0x00000000c0000000,0x00000000ca75bbf8,0x00000000d2a80000)
 Metaspace       used 6701K, capacity 7256K, committed 7424K, reserved 1056768K
  class space    used 641K, capacity 656K, committed 768K, reserved 1048576K
Event: 14.357 GC heap after
Heap after GC invocations=13 (full 2):
 PSYoungGen      total 237568K, used 62176K [0x00000000eab00000, 0x0000000100000000, 0x0000000100000000)
  eden space 175104K, 0% used [0x00000000eab00000,0x00000000eab00000,0x00000000f5600000)
  from space 62464K, 99% used [0x00000000f5600000,0x00000000f92b8340,0x00000000f9300000)
  to   space 91648K, 0% used [0x00000000fa680000,0x00000000fa680000,0x0000000100000000)
 ParOldGen       total 305664K, used 171374K [0x00000000c0000000, 0x00000000d2a80000, 0x00000000eab00000)
  object space 305664K, 56% used [0x00000000c0000000,0x00000000ca75bbf8,0x00000000d2a80000)
 Metaspace       used 6701K, capacity 7256K, committed 7424K, reserved 1056768K
  class space    used 641K, capacity 656K, committed 768K, reserved 1048576K
}
Event: 14.931 GC heap before
{Heap before GC invocations=14 (full 2):
 PSYoungGen      total 237568K, used 237280K [0x00000000eab00000, 0x0000000100000000, 0x0000000100000000)
  eden space 175104K, 100% used [0x00000000eab00000,0x00000000f5600000,0x00000000f5600000)
  from space 62464K, 99% used [0x00000000f5600000,0x00000000f92b8340,0x00000000f9300000)
  to   space 91648K, 0% used [0x00000000fa680000,0x00000000fa680000,0x0000000100000000)
 ParOldGen       total 305664K, used 171374K [0x00000000c0000000, 0x00000000d2a80000, 0x00000000eab00000)
  object space 305664K, 56% used [0x00000000c0000000,0x00000000ca75bbf8,0x00000000d2a80000)
 Metaspace       used 6710K, capacity 7320K, committed 7680K, reserved 1056768K
  class space    used 641K, capacity 656K, committed 768K, reserved 1048576K
Event: 15.091 GC heap after
Heap after GC invocations=14 (full 2):
 PSYoungGen      total 230912K, used 88635K [0x00000000eab00000, 0x0000000100000000, 0x0000000100000000)
  eden space 139264K, 0% used [0x00000000eab00000,0x00000000eab00000,0x00000000f3300000)
  from space 91648K, 96% used [0x00000000fa680000,0x00000000ffd0edd8,0x0000000100000000)
  to   space 104960K, 0% used [0x00000000f3300000,0x00000000f3300000,0x00000000f9980000)
 ParOldGen       total 305664K, used 171374K [0x00000000c0000000, 0x00000000d2a80000, 0x00000000eab00000)
  object space 305664K, 56% used [0x00000000c0000000,0x00000000ca75bbf8,0x00000000d2a80000)
 Metaspace       used 6710K, capacity 7320K, committed 7680K, reserved 1056768K
  class space    used 641K, capacity 656K, committed 768K, reserved 1048576K
}
Event: 15.735 GC heap before
{Heap before GC invocations=15 (full 2):
 PSYoungGen      total 230912K, used 227899K [0x00000000eab00000, 0x0000000100000000, 0x0000000100000000)
  eden space 139264K, 100% used [0x00000000eab00000,0x00000000f3300000,0x00000000f3300000)
  from space 91648K, 96% used [0x00000000fa680000,0x00000000ffd0edd8,0x0000000100000000)
  to   space 104960K, 0% used [0x00000000f3300000,0x00000000f3300000,0x00000000f9980000)
 ParOldGen       total 305664K, used 171374K [0x00000000c0000000, 0x00000000d2a80000, 0x00000000eab00000)
  object space 305664K, 56% used [0x00000000c0000000,0x00000000ca75bbf8,0x00000000d2a80000)
 Metaspace       used 6712K, capacity 7320K, committed 7680K, reserved 1056768K
  class space    used 641K, capacity 656K, committed 768K, reserved 1048576K
Event: 15.958 GC heap after
Heap after GC invocations=15 (full 2):
 PSYoungGen      total 244224K, used 104954K [0x00000000eab00000, 0x0000000100000000, 0x0000000100000000)
  eden space 139264K, 0% used [0x00000000eab00000,0x00000000eab00000,0x00000000f3300000)
  from space 104960K, 99% used [0x00000000f3300000,0x00000000f997eb28,0x00000000f9980000)
  to   space 104960K, 0% used [0x00000000f9980000,0x00000000f9980000,0x0000000100000000)
 ParOldGen       total 305664K, used 177921K [0x00000000c0000000, 0x00000000d2a80000, 0x00000000eab00000)
  object space 305664K, 58% used [0x00000000c0000000,0x00000000cadc0620,0x00000000d2a80000)
 Metaspace       used 6712K, capacity 7320K, committed 7680K, reserved 1056768K
  class space    used 641K, capacity 656K, committed 768K, reserved 1048576K
}

